#0 building with "default" instance using docker driver

#1 [internal] load build definition from Dockerfile
#1 transferring dockerfile: 360B done
#1 DONE 0.0s

#2 [internal] load metadata for docker.io/library/node:20-alpine
#2 ...

#3 [internal] load metadata for docker.io/library/nginx:alpine
#3 DONE 11.1s

#2 [internal] load metadata for docker.io/library/node:20-alpine
#2 DONE 11.5s

#4 [internal] load .dockerignore
#4 transferring context: 2B done
#4 DONE 0.0s

#5 [stage-1 1/2] FROM docker.io/library/nginx:alpine@sha256:f46cb72c7df02710e693e863a983ac42f6a9579058a59a35f1ae36c9958e4ce0
#5 resolve docker.io/library/nginx:alpine@sha256:f46cb72c7df02710e693e863a983ac42f6a9579058a59a35f1ae36c9958e4ce0 0.0s done
#5 DONE 0.0s

#6 [build 1/6] FROM docker.io/library/node:20-alpine@sha256:b88333c42c23fbd91596ebd7fd10de239cedab9617de04142dde7315e3bc0afa
#6 resolve docker.io/library/node:20-alpine@sha256:b88333c42c23fbd91596ebd7fd10de239cedab9617de04142dde7315e3bc0afa 0.0s done
#6 DONE 0.1s

#7 [internal] load build context
#7 transferring context: 1.00MB 0.3s done
#7 DONE 0.4s

#8 [build 2/6] WORKDIR /app
#8 CACHED

#9 [build 3/6] COPY package*.json ./
#9 CACHED

#10 [build 4/6] RUN npm install
#10 CACHED

#11 [build 5/6] COPY . .
#11 DONE 4.9s

#12 [build 6/6] RUN npm run build
#12 0.582 
#12 0.582 > frontend@0.0.0 build
#12 0.582 > vite build
#12 0.582 
#12 1.017 vite v8.0.0 building client environment for production...
#12 1.041 [2Ktransforming...✓ 1805 modules transformed.
#12 1.330 rendering chunks...
#12 1.450 computing gzip size...
#12 1.459 dist/index.html                   0.70 kB │ gzip:  0.40 kB
#12 1.459 dist/assets/index-BX2E44h_.css    6.84 kB │ gzip:  1.93 kB
#12 1.459 dist/assets/index-CXcRXZMn.js   286.27 kB │ gzip: 92.14 kB
#12 1.459 
#12 1.460 ✓ built in 439ms
#12 DONE 1.6s

#13 [stage-1 2/2] COPY --from=build /app/dist /usr/share/nginx/html
#13 CACHED

#14 exporting to image
#14 exporting layers done
#14 exporting manifest sha256:3b7f016d30d6a0eb28fd7edd403b7d23aaa64cd319bae48f0f841748c3ea23a7 done
#14 exporting config sha256:5389b7a477ddd9c52a488774c3a417a9cbbc5a3682842e38d9a2b04652269af3 done
#14 exporting attestation manifest sha256:100b6b4f5ab3a4714b9e455a35696398417752b373591d161acc7069a13a3292 0.0s done
#14 exporting manifest list sha256:f6606f5f2f8ea44a1bf6595aed44021a73e6ae0c216939ce6ff23ab747d08ff9 0.0s done
#14 naming to docker.io/library/frontend:latest done
#14 unpacking to docker.io/library/frontend:latest 0.0s done
#14 DONE 0.1s
